# JRE version: OpenJDK Runtime Environment (11.0.19+7) (build 11.0.19+7-post-Ubuntu-0ubuntu122.04.1)
# Java VM: OpenJDK 64-Bit Server VM (11.0.19+7-post-Ubuntu-0ubuntu122.04.1, mixed mode, sharing, tiered, compressed oops, g1 gc, linux-amd64)
Heap:
 garbage-first heap   total 321536K, used 194841K [0x0000000709e00000, 0x0000000800000000)
  region size 1024K, 183 young (187392K), 3 survivors (3072K)
 Metaspace       used 24604K, capacity 25442K, committed 25600K, reserved 1071104K
  class space    used 2912K, capacity 3270K, committed 3328K, reserved 1048576K
GC Heap History (20 events):
Event: 3.232 GC heap before
{Heap before GC invocations=2 (full 0):
 garbage-first heap   total 256000K, used 18040K [0x0000000709e00000, 0x0000000800000000)
  region size 1024K, 14 young (14336K), 2 survivors (2048K)
 Metaspace       used 13288K, capacity 13764K, committed 13824K, reserved 1060864K
  class space    used 1582K, capacity 1777K, committed 1792K, reserved 1048576K
}
Event: 3.245 GC heap after
{Heap after GC invocations=3 (full 0):
 garbage-first heap   total 256000K, used 8686K [0x0000000709e00000, 0x0000000800000000)
  region size 1024K, 2 young (2048K), 2 survivors (2048K)
 Metaspace       used 13288K, capacity 13764K, committed 13824K, reserved 1060864K
  class space    used 1582K, capacity 1777K, committed 1792K, reserved 1048576K
}
Event: 4.281 GC heap before
{Heap before GC invocations=3 (full 0):
 garbage-first heap   total 256000K, used 29166K [0x0000000709e00000, 0x0000000800000000)
  region size 1024K, 22 young (22528K), 2 survivors (2048K)
 Metaspace       used 17466K, capacity 18179K, committed 18304K, reserved 1064960K
  class space    used 2041K, capacity 2334K, committed 2432K, reserved 1048576K
}
Event: 4.294 GC heap after
{Heap after GC invocations=4 (full 0):
 garbage-first heap   total 256000K, used 10099K [0x0000000709e00000, 0x0000000800000000)
  region size 1024K, 2 young (2048K), 2 survivors (2048K)
 Metaspace       used 17466K, capacity 18179K, committed 18304K, reserved 1064960K
  class space    used 2041K, capacity 2334K, committed 2432K, reserved 1048576K
}
Event: 4.891 GC heap before
{Heap before GC invocations=4 (full 0):
 garbage-first heap   total 256000K, used 34675K [0x0000000709e00000, 0x0000000800000000)
  region size 1024K, 27 young (27648K), 2 survivors (2048K)
 Metaspace       used 19288K, capacity 20049K, committed 20352K, reserved 1067008K
  class space    used 2278K, capacity 2583K, committed 2688K, reserved 1048576K
}
Event: 4.904 GC heap after
{Heap after GC invocations=5 (full 0):
 garbage-first heap   total 321536K, used 10335K [0x0000000709e00000, 0x0000000800000000)
  region size 1024K, 2 young (2048K), 2 survivors (2048K)
 Metaspace       used 19288K, capacity 20049K, committed 20352K, reserved 1067008K
  class space    used 2278K, capacity 2583K, committed 2688K, reserved 1048576K
}
Event: 6.737 GC heap before
{Heap before GC invocations=5 (full 0):
 garbage-first heap   total 321536K, used 164959K [0x0000000709e00000, 0x0000000800000000)
  region size 1024K, 154 young (157696K), 2 survivors (2048K)
 Metaspace       used 20352K, capacity 21147K, committed 21248K, reserved 1067008K
  class space    used 2415K, capacity 2755K, committed 2816K, reserved 1048576K
}
Event: 6.758 GC heap after
{Heap after GC invocations=6 (full 0):
 garbage-first heap   total 321536K, used 11026K [0x0000000709e00000, 0x0000000800000000)
  region size 1024K, 3 young (3072K), 3 survivors (3072K)
 Metaspace       used 20352K, capacity 21147K, committed 21248K, reserved 1067008K
  class space    used 2415K, capacity 2755K, committed 2816K, reserved 1048576K
}
Event: 11.054 GC heap before
{Heap before GC invocations=7 (full 0):
 garbage-first heap   total 321536K, used 175890K [0x0000000709e00000, 0x0000000800000000)
  region size 1024K, 164 young (167936K), 3 survivors (3072K)
 Metaspace       used 23898K, capacity 24833K, committed 25088K, reserved 1071104K
  class space    used 2837K, capacity 3219K, committed 3328K, reserved 1048576K
}
Event: 11.091 GC heap after
{Heap after GC invocations=8 (full 0):
 garbage-first heap   total 321536K, used 11756K [0x0000000709e00000, 0x0000000800000000)
  region size 1024K, 4 young (4096K), 4 survivors (4096K)
 Metaspace       used 23898K, capacity 24833K, committed 25088K, reserved 1071104K
  class space    used 2837K, capacity 3219K, committed 3328K, reserved 1048576K
}
Event: 14.539 GC heap before
{Heap before GC invocations=8 (full 0):
 garbage-first heap   total 321536K, used 200172K [0x0000000709e00000, 0x0000000800000000)
  region size 1024K, 188 young (192512K), 4 survivors (4096K)
 Metaspace       used 24438K, capacity 25309K, committed 25600K, reserved 1071104K
  class space    used 2903K, capacity 3270K, committed 3328K, reserved 1048576K
}
Event: 14.552 GC heap after
{Heap after GC invocations=9 (full 0):
 garbage-first heap   total 321536K, used 11545K [0x0000000709e00000, 0x0000000800000000)
  region size 1024K, 3 young (3072K), 3 survivors (3072K)
 Metaspace       used 24438K, capacity 25309K, committed 25600K, reserved 1071104K
  class space    used 2903K, capacity 3270K, committed 3328K, reserved 1048576K
}
Event: 21.646 GC heap before
{Heap before GC invocations=9 (full 0):
 garbage-first heap   total 321536K, used 200985K [0x0000000709e00000, 0x0000000800000000)
  region size 1024K, 188 young (192512K), 3 survivors (3072K)
 Metaspace       used 24463K, capacity 25373K, committed 25600K, reserved 1071104K
  class space    used 2903K, capacity 3270K, committed 3328K, reserved 1048576K
}
Event: 21.665 GC heap after
{Heap after GC invocations=10 (full 0):
 garbage-first heap   total 321536K, used 11838K [0x0000000709e00000, 0x0000000800000000)
  region size 1024K, 4 young (4096K), 4 survivors (4096K)
 Metaspace       used 24463K, capacity 25373K, committed 25600K, reserved 1071104K
  class space    used 2903K, capacity 3270K, committed 3328K, reserved 1048576K
}
Event: 28.855 GC heap before
{Heap before GC invocations=10 (full 0):
 garbage-first heap   total 321536K, used 200254K [0x0000000709e00000, 0x0000000800000000)
  region size 1024K, 188 young (192512K), 4 survivors (4096K)
 Metaspace       used 24480K, capacity 25374K, committed 25600K, reserved 1071104K
  class space    used 2903K, capacity 3270K, committed 3328K, reserved 1048576K
}
Event: 28.867 GC heap after
{Heap after GC invocations=11 (full 0):
 garbage-first heap   total 321536K, used 11840K [0x0000000709e00000, 0x0000000800000000)
  region size 1024K, 4 young (4096K), 4 survivors (4096K)
 Metaspace       used 24480K, capacity 25374K, committed 25600K, reserved 1071104K
  class space    used 2903K, capacity 3270K, committed 3328K, reserved 1048576K
}
Event: 36.193 GC heap before
{Heap before GC invocations=11 (full 0):
 garbage-first heap   total 321536K, used 200256K [0x0000000709e00000, 0x0000000800000000)
  region size 1024K, 188 young (192512K), 4 survivors (4096K)
 Metaspace       used 24501K, capacity 25376K, committed 25600K, reserved 1071104K
  class space    used 2903K, capacity 3270K, committed 3328K, reserved 1048576K
}
Event: 36.205 GC heap after
{Heap after GC invocations=12 (full 0):
 garbage-first heap   total 321536K, used 11841K [0x0000000709e00000, 0x0000000800000000)
  region size 1024K, 4 young (4096K), 4 survivors (4096K)
 Metaspace       used 24501K, capacity 25376K, committed 25600K, reserved 1071104K
  class space    used 2903K, capacity 3270K, committed 3328K, reserved 1048576K
}
Event: 43.522 GC heap before
{Heap before GC invocations=12 (full 0):
 garbage-first heap   total 321536K, used 200257K [0x0000000709e00000, 0x0000000800000000)
  region size 1024K, 188 young (192512K), 4 survivors (4096K)
 Metaspace       used 24515K, capacity 25376K, committed 25600K, reserved 1071104K
  class space    used 2904K, capacity 3270K, committed 3328K, reserved 1048576K
}
Event: 43.532 GC heap after
{Heap after GC invocations=13 (full 0):
 garbage-first heap   total 321536K, used 11545K [0x0000000709e00000, 0x0000000800000000)
  region size 1024K, 3 young (3072K), 3 survivors (3072K)
 Metaspace       used 24515K, capacity 25376K, committed 25600K, reserved 1071104K
  class space    used 2904K, capacity 3270K, committed 3328K, reserved 1048576K
}

