# JRE version: OpenJDK Runtime Environment (11.0.19+7) (build 11.0.19+7-post-Ubuntu-0ubuntu122.04.1)
# Java VM: OpenJDK 64-Bit Server VM (11.0.19+7-post-Ubuntu-0ubuntu122.04.1, mixed mode, sharing, tiered, compressed oops, g1 gc, linux-amd64)
Heap:
 garbage-first heap   total 307200K, used 167129K [0x0000000709e00000, 0x0000000800000000)
  region size 1024K, 156 young (159744K), 3 survivors (3072K)
 Metaspace       used 24619K, capacity 25510K, committed 25600K, reserved 1071104K
  class space    used 2903K, capacity 3270K, committed 3328K, reserved 1048576K
GC Heap History (18 events):
Event: 1.234 GC heap before
{Heap before GC invocations=0 (full 0):
 garbage-first heap   total 256000K, used 18120K [0x0000000709e00000, 0x0000000800000000)
  region size 1024K, 12 young (12288K), 0 survivors (0K)
 Metaspace       used 5152K, capacity 7292K, committed 7424K, reserved 1056768K
  class space    used 538K, capacity 752K, committed 768K, reserved 1048576K
}
Event: 1.249 GC heap after
{Heap after GC invocations=1 (full 0):
 garbage-first heap   total 256000K, used 5632K [0x0000000709e00000, 0x0000000800000000)
  region size 1024K, 2 young (2048K), 2 survivors (2048K)
 Metaspace       used 5152K, capacity 7292K, committed 7424K, reserved 1056768K
  class space    used 538K, capacity 752K, committed 768K, reserved 1048576K
}
Event: 1.825 GC heap before
{Heap before GC invocations=1 (full 0):
 garbage-first heap   total 256000K, used 15872K [0x0000000709e00000, 0x0000000800000000)
  region size 1024K, 12 young (12288K), 2 survivors (2048K)
 Metaspace       used 7545K, capacity 9202K, committed 9344K, reserved 1056768K
  class space    used 868K, capacity 1092K, committed 1152K, reserved 1048576K
}
Event: 1.840 GC heap after
{Heap after GC invocations=2 (full 0):
 garbage-first heap   total 256000K, used 6911K [0x0000000709e00000, 0x0000000800000000)
  region size 1024K, 2 young (2048K), 2 survivors (2048K)
 Metaspace       used 7545K, capacity 9202K, committed 9344K, reserved 1056768K
  class space    used 868K, capacity 1092K, committed 1152K, reserved 1048576K
}
Event: 2.983 GC heap before
{Heap before GC invocations=2 (full 0):
 garbage-first heap   total 256000K, used 19199K [0x0000000709e00000, 0x0000000800000000)
  region size 1024K, 14 young (14336K), 2 survivors (2048K)
 Metaspace       used 13312K, capacity 13764K, committed 13824K, reserved 1060864K
  class space    used 1582K, capacity 1777K, committed 1792K, reserved 1048576K
}
Event: 2.995 GC heap after
{Heap after GC invocations=3 (full 0):
 garbage-first heap   total 256000K, used 8515K [0x0000000709e00000, 0x0000000800000000)
  region size 1024K, 2 young (2048K), 2 survivors (2048K)
 Metaspace       used 13312K, capacity 13764K, committed 13824K, reserved 1060864K
  class space    used 1582K, capacity 1777K, committed 1792K, reserved 1048576K
}
Event: 4.143 GC heap before
{Heap before GC invocations=3 (full 0):
 garbage-first heap   total 256000K, used 27971K [0x0000000709e00000, 0x0000000800000000)
  region size 1024K, 22 young (22528K), 2 survivors (2048K)
 Metaspace       used 17578K, capacity 18260K, committed 18560K, reserved 1064960K
  class space    used 2041K, capacity 2334K, committed 2432K, reserved 1048576K
}
Event: 4.160 GC heap after
{Heap after GC invocations=4 (full 0):
 garbage-first heap   total 256000K, used 9879K [0x0000000709e00000, 0x0000000800000000)
  region size 1024K, 2 young (2048K), 2 survivors (2048K)
 Metaspace       used 17578K, capacity 18260K, committed 18560K, reserved 1064960K
  class space    used 2041K, capacity 2334K, committed 2432K, reserved 1048576K
}
Event: 4.626 GC heap before
{Heap before GC invocations=4 (full 0):
 garbage-first heap   total 256000K, used 34455K [0x0000000709e00000, 0x0000000800000000)
  region size 1024K, 27 young (27648K), 2 survivors (2048K)
 Metaspace       used 19391K, capacity 20121K, committed 20352K, reserved 1067008K
  class space    used 2278K, capacity 2583K, committed 2688K, reserved 1048576K
}
Event: 4.636 GC heap after
{Heap after GC invocations=5 (full 0):
 garbage-first heap   total 307200K, used 10268K [0x0000000709e00000, 0x0000000800000000)
  region size 1024K, 2 young (2048K), 2 survivors (2048K)
 Metaspace       used 19391K, capacity 20121K, committed 20352K, reserved 1067008K
  class space    used 2278K, capacity 2583K, committed 2688K, reserved 1048576K
}
Event: 5.670 GC heap before
{Heap before GC invocations=5 (full 0):
 garbage-first heap   total 307200K, used 165916K [0x0000000709e00000, 0x0000000800000000)
  region size 1024K, 155 young (158720K), 2 survivors (2048K)
 Metaspace       used 20360K, capacity 21155K, committed 21248K, reserved 1067008K
  class space    used 2405K, capacity 2755K, committed 2816K, reserved 1048576K
}
Event: 5.683 GC heap after
{Heap after GC invocations=6 (full 0):
 garbage-first heap   total 307200K, used 10794K [0x0000000709e00000, 0x0000000800000000)
  region size 1024K, 3 young (3072K), 3 survivors (3072K)
 Metaspace       used 20360K, capacity 21155K, committed 21248K, reserved 1067008K
  class space    used 2405K, capacity 2755K, committed 2816K, reserved 1048576K
}
Event: 8.482 GC heap before
{Heap before GC invocations=7 (full 0):
 garbage-first heap   total 307200K, used 177706K [0x0000000709e00000, 0x0000000800000000)
  region size 1024K, 166 young (169984K), 3 survivors (3072K)
 Metaspace       used 24429K, capacity 25313K, committed 25600K, reserved 1071104K
  class space    used 2903K, capacity 3270K, committed 3328K, reserved 1048576K
}
Event: 8.498 GC heap after
{Heap after GC invocations=8 (full 0):
 garbage-first heap   total 307200K, used 11481K [0x0000000709e00000, 0x0000000800000000)
  region size 1024K, 3 young (3072K), 3 survivors (3072K)
 Metaspace       used 24429K, capacity 25313K, committed 25600K, reserved 1071104K
  class space    used 2903K, capacity 3270K, committed 3328K, reserved 1048576K
}
Event: 14.651 GC heap before
{Heap before GC invocations=8 (full 0):
 garbage-first heap   total 307200K, used 192729K [0x0000000709e00000, 0x0000000800000000)
  region size 1024K, 180 young (184320K), 3 survivors (3072K)
 Metaspace       used 24583K, capacity 25509K, committed 25600K, reserved 1071104K
  class space    used 2903K, capacity 3270K, committed 3328K, reserved 1048576K
}
Event: 14.668 GC heap after
{Heap after GC invocations=9 (full 0):
 garbage-first heap   total 307200K, used 11481K [0x0000000709e00000, 0x0000000800000000)
  region size 1024K, 3 young (3072K), 3 survivors (3072K)
 Metaspace       used 24583K, capacity 25509K, committed 25600K, reserved 1071104K
  class space    used 2903K, capacity 3270K, committed 3328K, reserved 1048576K
}
Event: 21.828 GC heap before
{Heap before GC invocations=9 (full 0):
 garbage-first heap   total 307200K, used 192729K [0x0000000709e00000, 0x0000000800000000)
  region size 1024K, 180 young (184320K), 3 survivors (3072K)
 Metaspace       used 24611K, capacity 25510K, committed 25600K, reserved 1071104K
  class space    used 2903K, capacity 3270K, committed 3328K, reserved 1048576K
}
Event: 21.834 GC heap after
{Heap after GC invocations=10 (full 0):
 garbage-first heap   total 307200K, used 11481K [0x0000000709e00000, 0x0000000800000000)
  region size 1024K, 3 young (3072K), 3 survivors (3072K)
 Metaspace       used 24611K, capacity 25510K, committed 25600K, reserved 1071104K
  class space    used 2903K, capacity 3270K, committed 3328K, reserved 1048576K
}

