# JRE version: OpenJDK Runtime Environment (11.0.19+7) (build 11.0.19+7-post-Ubuntu-0ubuntu122.04.1)
# Java VM: OpenJDK 64-Bit Server VM (11.0.19+7-post-Ubuntu-0ubuntu122.04.1, mixed mode, sharing, tiered, compressed oops, g1 gc, linux-amd64)
Heap:
 garbage-first heap   total 307200K, used 76975K [0x0000000709e00000, 0x0000000800000000)
  region size 1024K, 68 young (69632K), 3 survivors (3072K)
 Metaspace       used 24527K, capacity 25443K, committed 25600K, reserved 1071104K
  class space    used 2903K, capacity 3270K, committed 3328K, reserved 1048576K
GC Heap History (20 events):
Event: 1.217 GC heap before
{Heap before GC invocations=0 (full 0):
 garbage-first heap   total 256000K, used 18120K [0x0000000709e00000, 0x0000000800000000)
  region size 1024K, 12 young (12288K), 0 survivors (0K)
 Metaspace       used 5156K, capacity 7292K, committed 7424K, reserved 1056768K
  class space    used 538K, capacity 752K, committed 768K, reserved 1048576K
}
Event: 1.230 GC heap after
{Heap after GC invocations=1 (full 0):
 garbage-first heap   total 256000K, used 5628K [0x0000000709e00000, 0x0000000800000000)
  region size 1024K, 2 young (2048K), 2 survivors (2048K)
 Metaspace       used 5156K, capacity 7292K, committed 7424K, reserved 1056768K
  class space    used 538K, capacity 752K, committed 768K, reserved 1048576K
}
Event: 1.981 GC heap before
{Heap before GC invocations=1 (full 0):
 garbage-first heap   total 256000K, used 15868K [0x0000000709e00000, 0x0000000800000000)
  region size 1024K, 12 young (12288K), 2 survivors (2048K)
 Metaspace       used 7514K, capacity 9202K, committed 9344K, reserved 1056768K
  class space    used 868K, capacity 1092K, committed 1152K, reserved 1048576K
}
Event: 2.006 GC heap after
{Heap after GC invocations=2 (full 0):
 garbage-first heap   total 256000K, used 6777K [0x0000000709e00000, 0x0000000800000000)
  region size 1024K, 2 young (2048K), 2 survivors (2048K)
 Metaspace       used 7514K, capacity 9202K, committed 9344K, reserved 1056768K
  class space    used 868K, capacity 1092K, committed 1152K, reserved 1048576K
}
Event: 3.060 GC heap before
{Heap before GC invocations=2 (full 0):
 garbage-first heap   total 256000K, used 18041K [0x0000000709e00000, 0x0000000800000000)
  region size 1024K, 14 young (14336K), 2 survivors (2048K)
 Metaspace       used 13257K, capacity 13700K, committed 13824K, reserved 1060864K
  class space    used 1582K, capacity 1777K, committed 1792K, reserved 1048576K
}
Event: 3.073 GC heap after
{Heap after GC invocations=3 (full 0):
 garbage-first heap   total 256000K, used 8471K [0x0000000709e00000, 0x0000000800000000)
  region size 1024K, 2 young (2048K), 2 survivors (2048K)
 Metaspace       used 13257K, capacity 13700K, committed 13824K, reserved 1060864K
  class space    used 1582K, capacity 1777K, committed 1792K, reserved 1048576K
}
Event: 4.094 GC heap before
{Heap before GC invocations=3 (full 0):
 garbage-first heap   total 256000K, used 29975K [0x0000000709e00000, 0x0000000800000000)
  region size 1024K, 23 young (23552K), 2 survivors (2048K)
 Metaspace       used 17774K, capacity 18484K, committed 18560K, reserved 1064960K
  class space    used 2071K, capacity 2366K, committed 2432K, reserved 1048576K
}
Event: 4.106 GC heap after
{Heap after GC invocations=4 (full 0):
 garbage-first heap   total 256000K, used 9843K [0x0000000709e00000, 0x0000000800000000)
  region size 1024K, 2 young (2048K), 2 survivors (2048K)
 Metaspace       used 17774K, capacity 18484K, committed 18560K, reserved 1064960K
  class space    used 2071K, capacity 2366K, committed 2432K, reserved 1048576K
}
Event: 4.582 GC heap before
{Heap before GC invocations=4 (full 0):
 garbage-first heap   total 256000K, used 36467K [0x0000000709e00000, 0x0000000800000000)
  region size 1024K, 28 young (28672K), 2 survivors (2048K)
 Metaspace       used 19353K, capacity 20057K, committed 20352K, reserved 1067008K
  class space    used 2278K, capacity 2583K, committed 2688K, reserved 1048576K
}
Event: 4.590 GC heap after
{Heap after GC invocations=5 (full 0):
 garbage-first heap   total 307200K, used 10373K [0x0000000709e00000, 0x0000000800000000)
  region size 1024K, 2 young (2048K), 2 survivors (2048K)
 Metaspace       used 19353K, capacity 20057K, committed 20352K, reserved 1067008K
  class space    used 2278K, capacity 2583K, committed 2688K, reserved 1048576K
}
Event: 4.954 GC heap before
{Heap before GC invocations=5 (full 0):
 garbage-first heap   total 307200K, used 47237K [0x0000000709e00000, 0x0000000800000000)
  region size 1024K, 38 young (38912K), 2 survivors (2048K)
 Metaspace       used 19401K, capacity 20191K, committed 20352K, reserved 1067008K
  class space    used 2278K, capacity 2583K, committed 2688K, reserved 1048576K
}
Event: 4.962 GC heap after
{Heap after GC invocations=6 (full 0):
 garbage-first heap   total 307200K, used 10586K [0x0000000709e00000, 0x0000000800000000)
  region size 1024K, 3 young (3072K), 3 survivors (3072K)
 Metaspace       used 19401K, capacity 20191K, committed 20352K, reserved 1067008K
  class space    used 2278K, capacity 2583K, committed 2688K, reserved 1048576K
}
Event: 5.190 GC heap before
{Heap before GC invocations=6 (full 0):
 garbage-first heap   total 307200K, used 59738K [0x0000000709e00000, 0x0000000800000000)
  region size 1024K, 51 young (52224K), 3 survivors (3072K)
 Metaspace       used 19407K, capacity 20191K, committed 20352K, reserved 1067008K
  class space    used 2278K, capacity 2583K, committed 2688K, reserved 1048576K
}
Event: 5.198 GC heap after
{Heap after GC invocations=7 (full 0):
 garbage-first heap   total 307200K, used 10415K [0x0000000709e00000, 0x0000000800000000)
  region size 1024K, 2 young (2048K), 2 survivors (2048K)
 Metaspace       used 19407K, capacity 20191K, committed 20352K, reserved 1067008K
  class space    used 2278K, capacity 2583K, committed 2688K, reserved 1048576K
}
Event: 5.522 GC heap before
{Heap before GC invocations=7 (full 0):
 garbage-first heap   total 307200K, used 76975K [0x0000000709e00000, 0x0000000800000000)
  region size 1024K, 68 young (69632K), 2 survivors (2048K)
 Metaspace       used 20382K, capacity 21155K, committed 21248K, reserved 1067008K
  class space    used 2414K, capacity 2755K, committed 2816K, reserved 1048576K
}
Event: 5.531 GC heap after
{Heap after GC invocations=8 (full 0):
 garbage-first heap   total 307200K, used 10807K [0x0000000709e00000, 0x0000000800000000)
  region size 1024K, 3 young (3072K), 3 survivors (3072K)
 Metaspace       used 20382K, capacity 21155K, committed 21248K, reserved 1067008K
  class space    used 2414K, capacity 2755K, committed 2816K, reserved 1048576K
}
Event: 11.575 GC heap before
{Heap before GC invocations=9 (full 0):
 garbage-first heap   total 307200K, used 96823K [0x0000000709e00000, 0x0000000800000000)
  region size 1024K, 87 young (89088K), 3 survivors (3072K)
 Metaspace       used 23875K, capacity 24777K, committed 25088K, reserved 1071104K
  class space    used 2836K, capacity 3219K, committed 3328K, reserved 1048576K
}
Event: 11.596 GC heap after
{Heap after GC invocations=10 (full 0):
 garbage-first heap   total 307200K, used 11439K [0x0000000709e00000, 0x0000000800000000)
  region size 1024K, 3 young (3072K), 3 survivors (3072K)
 Metaspace       used 23875K, capacity 24777K, committed 25088K, reserved 1071104K
  class space    used 2836K, capacity 3219K, committed 3328K, reserved 1048576K
}
Event: 12.534 GC heap before
{Heap before GC invocations=10 (full 0):
 garbage-first heap   total 307200K, used 132271K [0x0000000709e00000, 0x0000000800000000)
  region size 1024K, 121 young (123904K), 3 survivors (3072K)
 Metaspace       used 24455K, capacity 25377K, committed 25600K, reserved 1071104K
  class space    used 2903K, capacity 3270K, committed 3328K, reserved 1048576K
}
Event: 12.541 GC heap after
{Heap after GC invocations=11 (full 0):
 garbage-first heap   total 307200K, used 11439K [0x0000000709e00000, 0x0000000800000000)
  region size 1024K, 3 young (3072K), 3 survivors (3072K)
 Metaspace       used 24455K, capacity 25377K, committed 25600K, reserved 1071104K
  class space    used 2903K, capacity 3270K, committed 3328K, reserved 1048576K
}

