# JRE version: OpenJDK Runtime Environment (11.0.18+10) (build 11.0.18+10-post-Ubuntu-0ubuntu122.04)
# Java VM: OpenJDK 64-Bit Server VM (11.0.18+10-post-Ubuntu-0ubuntu122.04, mixed mode, sharing, tiered, compressed oops, g1 gc, linux-amd64)
Heap:
 garbage-first heap   total 368640K, used 39203K [0x0000000709e00000, 0x0000000800000000)
  region size 1024K, 31 young (31744K), 3 survivors (3072K)
 Metaspace       used 24644K, capacity 25568K, committed 25856K, reserved 1071104K
  class space    used 2901K, capacity 3268K, committed 3328K, reserved 1048576K
GC Heap History (20 events):
Event: 5.483 GC heap before
{Heap before GC invocations=4 (full 0):
 garbage-first heap   total 256000K, used 36724K [0x0000000709e00000, 0x0000000800000000)
  region size 1024K, 28 young (28672K), 2 survivors (2048K)
 Metaspace       used 19392K, capacity 20183K, committed 20352K, reserved 1067008K
  class space    used 2277K, capacity 2583K, committed 2688K, reserved 1048576K
}
Event: 5.494 GC heap after
{Heap after GC invocations=5 (full 0):
 garbage-first heap   total 307200K, used 10357K [0x0000000709e00000, 0x0000000800000000)
  region size 1024K, 2 young (2048K), 2 survivors (2048K)
 Metaspace       used 19392K, capacity 20183K, committed 20352K, reserved 1067008K
  class space    used 2277K, capacity 2583K, committed 2688K, reserved 1048576K
}
Event: 5.813 GC heap before
{Heap before GC invocations=5 (full 0):
 garbage-first heap   total 307200K, used 48245K [0x0000000709e00000, 0x0000000800000000)
  region size 1024K, 39 young (39936K), 2 survivors (2048K)
 Metaspace       used 19426K, capacity 20189K, committed 20352K, reserved 1067008K
  class space    used 2277K, capacity 2583K, committed 2688K, reserved 1048576K
}
Event: 5.822 GC heap after
{Heap after GC invocations=6 (full 0):
 garbage-first heap   total 307200K, used 10485K [0x0000000709e00000, 0x0000000800000000)
  region size 1024K, 2 young (2048K), 2 survivors (2048K)
 Metaspace       used 19426K, capacity 20189K, committed 20352K, reserved 1067008K
  class space    used 2277K, capacity 2583K, committed 2688K, reserved 1048576K
}
Event: 6.105 GC heap before
{Heap before GC invocations=6 (full 0):
 garbage-first heap   total 307200K, used 58613K [0x0000000709e00000, 0x0000000800000000)
  region size 1024K, 49 young (50176K), 2 survivors (2048K)
 Metaspace       used 19433K, capacity 20189K, committed 20352K, reserved 1067008K
  class space    used 2277K, capacity 2583K, committed 2688K, reserved 1048576K
}
Event: 6.113 GC heap after
{Heap after GC invocations=7 (full 0):
 garbage-first heap   total 307200K, used 10714K [0x0000000709e00000, 0x0000000800000000)
  region size 1024K, 3 young (3072K), 3 survivors (3072K)
 Metaspace       used 19433K, capacity 20189K, committed 20352K, reserved 1067008K
  class space    used 2277K, capacity 2583K, committed 2688K, reserved 1048576K
}
Event: 6.438 GC heap before
{Heap before GC invocations=7 (full 0):
 garbage-first heap   total 307200K, used 48602K [0x0000000709e00000, 0x0000000800000000)
  region size 1024K, 41 young (41984K), 3 survivors (3072K)
 Metaspace       used 20314K, capacity 21057K, committed 21248K, reserved 1067008K
  class space    used 2397K, capacity 2723K, committed 2816K, reserved 1048576K
}
Event: 6.450 GC heap after
{Heap after GC invocations=8 (full 0):
 garbage-first heap   total 307200K, used 10720K [0x0000000709e00000, 0x0000000800000000)
  region size 1024K, 3 young (3072K), 3 survivors (3072K)
 Metaspace       used 20314K, capacity 21057K, committed 21248K, reserved 1067008K
  class space    used 2397K, capacity 2723K, committed 2816K, reserved 1048576K
}
Event: 9.673 GC heap before
{Heap before GC invocations=9 (full 0):
 garbage-first heap   total 307200K, used 77280K [0x0000000709e00000, 0x0000000800000000)
  region size 1024K, 68 young (69632K), 3 survivors (3072K)
 Metaspace       used 23943K, capacity 24840K, committed 25088K, reserved 1071104K
  class space    used 2837K, capacity 3219K, committed 3328K, reserved 1048576K
}
Event: 9.690 GC heap after
{Heap after GC invocations=10 (full 0):
 garbage-first heap   total 307200K, used 11550K [0x0000000709e00000, 0x0000000800000000)
  region size 1024K, 3 young (3072K), 3 survivors (3072K)
 Metaspace       used 23943K, capacity 24840K, committed 25088K, reserved 1071104K
  class space    used 2837K, capacity 3219K, committed 3328K, reserved 1048576K
}
Event: 10.644 GC heap before
{Heap before GC invocations=10 (full 0):
 garbage-first heap   total 307200K, used 153886K [0x0000000709e00000, 0x0000000800000000)
  region size 1024K, 143 young (146432K), 3 survivors (3072K)
 Metaspace       used 24294K, capacity 25192K, committed 25344K, reserved 1071104K
  class space    used 2871K, capacity 3251K, committed 3328K, reserved 1048576K
}
Event: 10.662 GC heap after
{Heap after GC invocations=11 (full 0):
 garbage-first heap   total 307200K, used 11555K [0x0000000709e00000, 0x0000000800000000)
  region size 1024K, 3 young (3072K), 3 survivors (3072K)
 Metaspace       used 24294K, capacity 25192K, committed 25344K, reserved 1071104K
  class space    used 2871K, capacity 3251K, committed 3328K, reserved 1048576K
}
Event: 14.457 GC heap before
{Heap before GC invocations=11 (full 0):
 garbage-first heap   total 307200K, used 183587K [0x0000000709e00000, 0x0000000800000000)
  region size 1024K, 171 young (175104K), 3 survivors (3072K)
 Metaspace       used 24571K, capacity 25498K, committed 25600K, reserved 1071104K
  class space    used 2901K, capacity 3268K, committed 3328K, reserved 1048576K
}
Event: 14.470 GC heap after
{Heap after GC invocations=12 (full 0):
 garbage-first heap   total 368640K, used 11555K [0x0000000709e00000, 0x0000000800000000)
  region size 1024K, 3 young (3072K), 3 survivors (3072K)
 Metaspace       used 24571K, capacity 25498K, committed 25600K, reserved 1071104K
  class space    used 2901K, capacity 3268K, committed 3328K, reserved 1048576K
}
Event: 22.543 GC heap before
{Heap before GC invocations=12 (full 0):
 garbage-first heap   total 368640K, used 216355K [0x0000000709e00000, 0x0000000800000000)
  region size 1024K, 203 young (207872K), 3 survivors (3072K)
 Metaspace       used 24605K, capacity 25500K, committed 25600K, reserved 1071104K
  class space    used 2901K, capacity 3268K, committed 3328K, reserved 1048576K
}
Event: 22.565 GC heap after
{Heap after GC invocations=13 (full 0):
 garbage-first heap   total 368640K, used 11555K [0x0000000709e00000, 0x0000000800000000)
  region size 1024K, 3 young (3072K), 3 survivors (3072K)
 Metaspace       used 24605K, capacity 25500K, committed 25600K, reserved 1071104K
  class space    used 2901K, capacity 3268K, committed 3328K, reserved 1048576K
}
Event: 31.156 GC heap before
{Heap before GC invocations=13 (full 0):
 garbage-first heap   total 368640K, used 229667K [0x0000000709e00000, 0x0000000800000000)
  region size 1024K, 216 young (221184K), 3 survivors (3072K)
 Metaspace       used 24623K, capacity 25501K, committed 25600K, reserved 1071104K
  class space    used 2901K, capacity 3268K, committed 3328K, reserved 1048576K
}
Event: 31.175 GC heap after
{Heap after GC invocations=14 (full 0):
 garbage-first heap   total 368640K, used 11555K [0x0000000709e00000, 0x0000000800000000)
  region size 1024K, 3 young (3072K), 3 survivors (3072K)
 Metaspace       used 24623K, capacity 25501K, committed 25600K, reserved 1071104K
  class space    used 2901K, capacity 3268K, committed 3328K, reserved 1048576K
}
Event: 39.973 GC heap before
{Heap before GC invocations=14 (full 0):
 garbage-first heap   total 368640K, used 229667K [0x0000000709e00000, 0x0000000800000000)
  region size 1024K, 216 young (221184K), 3 survivors (3072K)
 Metaspace       used 24644K, capacity 25568K, committed 25856K, reserved 1071104K
  class space    used 2901K, capacity 3268K, committed 3328K, reserved 1048576K
}
Event: 39.987 GC heap after
{Heap after GC invocations=15 (full 0):
 garbage-first heap   total 368640K, used 11555K [0x0000000709e00000, 0x0000000800000000)
  region size 1024K, 3 young (3072K), 3 survivors (3072K)
 Metaspace       used 24644K, capacity 25568K, committed 25856K, reserved 1071104K
  class space    used 2901K, capacity 3268K, committed 3328K, reserved 1048576K
}

